# JRE version: OpenJDK Runtime Environment (13.0.2+8) (build 13.0.2+8)
# Java VM: OpenJDK 64-Bit Server VM (13.0.2+8, mixed mode, sharing, tiered, compressed oops, g1 gc, bsd-amd64)
Heap:
 garbage-first heap   total 37888K, used 13958K [0x00000007e0000000, 0x0000000800000000)
  region size 1024K, 8 young (8192K), 2 survivors (2048K)
 Metaspace       used 24405K, capacity 25001K, committed 25216K, reserved 1071104K
  class space    used 3166K, capacity 3412K, committed 3456K, reserved 1048576K
GC Heap History (6 events):
Event: 0.765 GC heap before
{Heap before GC invocations=0 (full 0):
 garbage-first heap   total 264192K, used 24316K [0x00000007e0000000, 0x0000000800000000)
  region size 1024K, 24 young (24576K), 0 survivors (0K)
 Metaspace       used 7141K, capacity 7656K, committed 7936K, reserved 1056768K
  class space    used 909K, capacity 1000K, committed 1024K, reserved 1048576K
}
Event: 0.781 GC heap after
{Heap after GC invocations=1 (full 0):
 garbage-first heap   total 264192K, used 4556K [0x00000007e0000000, 0x0000000800000000)
  region size 1024K, 3 young (3072K), 3 survivors (3072K)
 Metaspace       used 7141K, capacity 7656K, committed 7936K, reserved 1056768K
  class space    used 909K, capacity 1000K, committed 1024K, reserved 1048576K
}
Event: 2.750 GC heap before
{Heap before GC invocations=1 (full 0):
 garbage-first heap   total 264192K, used 36300K [0x00000007e0000000, 0x0000000800000000)
  region size 1024K, 35 young (35840K), 3 survivors (3072K)
 Metaspace       used 20527K, capacity 21025K, committed 21248K, reserved 1067008K
  class space    used 2593K, capacity 2775K, committed 2816K, reserved 1048576K
}
Event: 2.756 GC heap after
{Heap after GC invocations=2 (full 0):
 garbage-first heap   total 264192K, used 7773K [0x00000007e0000000, 0x0000000800000000)
  region size 1024K, 7 young (7168K), 7 survivors (7168K)
 Metaspace       used 20527K, capacity 21025K, committed 21248K, reserved 1067008K
  class space    used 2593K, capacity 2775K, committed 2816K, reserved 1048576K
}
Event: 3.424 GC heap before
{Heap before GC invocations=3 (full 0):
 garbage-first heap   total 37888K, used 22109K [0x00000007e0000000, 0x0000000800000000)
  region size 1024K, 22 young (22528K), 7 survivors (7168K)
 Metaspace       used 22894K, capacity 23498K, committed 23680K, reserved 1069056K
  class space    used 2895K, capacity 3145K, committed 3200K, reserved 1048576K
}
Event: 3.432 GC heap after
{Heap after GC invocations=4 (full 0):
 garbage-first heap   total 37888K, used 8838K [0x00000007e0000000, 0x0000000800000000)
  region size 1024K, 2 young (2048K), 2 survivors (2048K)
 Metaspace       used 22894K, capacity 23498K, committed 23680K, reserved 1069056K
  class space    used 2895K, capacity 3145K, committed 3200K, reserved 1048576K
}

